INFO:root:info CEDEUS descargada, 00:54:34.704050
INFO:root:info CEDEUS descargada, 2017-05-19
INFO:root:info CEDEUS descargada, 2017-05-19 00:56:52.104060
INFO:root:info CEDEUS descargada, 2017-05-19 02:00:02.300926
INFO:root:info CEDEUS descargada, 2017-05-19 09:23:43.387316
INFO:root:info CEDEUS descargada, 2017-05-20 02:00:02.131242
INFO:root:info CEDEUS descargada, 2017-05-21 02:00:02.404114
INFO:root:info CEDEUS descargada, 2017-05-21 20:18:26.517031
INFO:root:info CEDEUS descargada, 2017-05-21 20:21:32.597223
INFO:root:info CEDEUS descargada, 2017-05-21 20:23:05.678705
INFO:root:info CEDEUS descargada, 2017-05-21 20:23:56.904717
INFO:root:info CEDEUS descargada, 2017-05-21 20:25:11.118437
INFO:root:info CEDEUS descargada, 2017-05-22 02:00:03.503818
INFO:root:info CEDEUS descargada, 2017-05-23 02:00:02.418876
INFO:root:info CEDEUS descargada, 2017-05-24 02:00:02.642619
INFO:root:info CEDEUS descargada, 2017-05-25 02:00:02.924950
INFO:root:info CEDEUS descargada, 2017-05-26 02:00:02.714187
INFO:root:info CEDEUS descargada, 2017-05-27 02:00:02.594113
INFO:root:info CEDEUS descargada, 2017-05-28 02:00:02.475472
INFO:root:info CEDEUS descargada, 2017-05-29 02:00:02.381397
INFO:root:info CEDEUS descargada, 2017-05-30 02:00:02.472697
INFO:root:info CEDEUS descargada, 2017-05-31 02:00:02.521707
INFO:root:info CEDEUS descargada, 2017-06-01 02:00:02.656129
INFO:root:info CEDEUS descargada, 2017-06-02 02:00:02.195397
INFO:root:info CEDEUS descargada, 2017-06-03 02:00:02.563489
INFO:root:info CEDEUS descargada, 2017-06-04 02:00:02.503940
INFO:root:info CEDEUS descargada, 2017-06-05 02:00:02.636499
INFO:root:info CEDEUS descargada, 2017-06-06 02:00:02.718395
INFO:root:info CEDEUS descargada, 2017-06-07 02:00:02.086668
INFO:root:info CEDEUS descargada, 2017-06-08 02:00:02.756811
INFO:root:info CEDEUS descargada, 2017-06-09 02:00:02.500323
INFO:root:info CEDEUS descargada, 2017-06-10 02:00:02.140018
INFO:root:info CEDEUS descargada, 2017-06-11 02:00:01.961037
INFO:root:info CEDEUS descargada, 2017-06-12 02:00:02.438337
INFO:root:info CEDEUS descargada, 2017-06-13 02:00:02.220473
INFO:root:info CEDEUS descargada, 2017-06-14 02:00:02.652504
INFO:root:info CEDEUS descargada, 2017-06-15 02:00:02.297800
INFO:root:info CEDEUS descargada, 2017-06-16 02:00:02.176374
INFO:root:info CEDEUS descargada, 2017-06-17 02:00:02.301763
INFO:root:info CEDEUS descargada, 2017-06-18 02:00:02.757279
INFO:root:info CEDEUS descargada, 2017-06-19 02:00:02.638784
ERROR:root:URLError = [Errno 110] Connection timed out
ERROR:root:URLError = [Errno -2] Name or service not known
ERROR:root:URLError = [Errno -2] Name or service not known
ERROR:root:URLError = [Errno -2] Name or service not known
INFO:root:info CEDEUS descargada, 2017-07-05 12:57:10.628059
INFO:root:info CEDEUS descargada, 2017-07-06 02:00:02.270752
INFO:root:info CEDEUS descargada, 2017-07-07 02:00:02.581617
INFO:root:info CEDEUS descargada, 2017-07-08 02:00:02.634632
INFO:root:info CEDEUS descargada, 2017-07-09 02:00:02.476967
INFO:root:info CEDEUS descargada, 2017-07-10 02:00:02.527427
INFO:root:info CEDEUS descargada, 2017-07-11 02:00:02.149288
INFO:root:info CEDEUS descargada, 2017-07-12 02:00:02.437742
INFO:root:info CEDEUS descargada, 2017-07-13 02:00:02.132888
INFO:root:info CEDEUS descargada, 2017-07-14 02:00:02.177214
INFO:root:info CEDEUS descargada, 2017-07-15 02:00:02.856819
INFO:root:info CEDEUS descargada, 2017-07-16 02:00:02.431797
INFO:root:info CEDEUS descargada, 2017-07-17 02:00:02.398678
INFO:root:info CEDEUS descargada, 2017-07-18 02:00:02.435749
INFO:root:info CEDEUS descargada, 2017-07-19 02:00:02.776515
INFO:root:info CEDEUS descargada, 2017-07-20 02:00:02.415400
INFO:root:info CEDEUS descargada, 2017-07-21 02:00:02.531886
INFO:root:info CEDEUS descargada, 2017-07-22 02:00:02.407754
INFO:root:info CEDEUS descargada, 2017-07-23 02:00:02.210564
INFO:root:info CEDEUS descargada, 2017-07-24 02:00:02.631258
INFO:root:info CEDEUS descargada, 2017-07-25 02:00:02.511676
INFO:root:info CEDEUS descargada, 2017-07-26 02:00:02.293408
